INFO 2025-05-28 17:27:56,532 autoreload Watching for file changes with StatReloader
INFO 2025-05-28 17:28:00,216 basehttp "GET / HTTP/1.1" 200 26008
INFO 2025-05-28 17:28:00,309 basehttp "GET /api/location-options/ HTTP/1.1" 200 6073
INFO 2025-05-28 17:28:07,107 basehttp "GET /search/b1-002/ HTTP/1.1" 200 26014
INFO 2025-05-28 17:28:07,195 basehttp "GET /api/location-options/ HTTP/1.1" 200 6073
INFO 2025-05-28 17:28:12,422 basehttp "GET /api/search-by-position/?position=120 HTTP/1.1" 200 200
INFO 2025-05-28 17:28:13,521 views 收到导航请求，起点: B1-002, 目标位置: B1-120
INFO 2025-05-28 17:28:16,625 views 导航SVG内容生成成功
INFO 2025-05-28 17:28:16,628 basehttp "GET /navigate/?position=B1-120&start=b1-002 HTTP/1.1" 200 150584
INFO 2025-05-28 17:28:32,918 basehttp "GET /api/search-by-position/?position=120 HTTP/1.1" 200 200
INFO 2025-05-28 17:28:44,824 views 收到导航请求，起点: B2-001, 目标位置: B2-120
INFO 2025-05-28 17:28:47,636 views 导航SVG内容生成成功
INFO 2025-05-28 17:28:47,638 basehttp "GET /navigate/?position=B2-120&start=B2-001 HTTP/1.1" 200 152764
INFO 2025-05-28 17:28:56,084 basehttp "GET /search/b1-002/ HTTP/1.1" 200 26014
INFO 2025-05-28 17:28:56,175 basehttp "GET /api/location-options/ HTTP/1.1" 200 6073
INFO 2025-05-28 17:28:59,973 basehttp "GET /api/search-by-plate/?plate=456 HTTP/1.1" 200 117
INFO 2025-05-28 17:29:02,172 views 收到导航请求，起点: B1-002, 目标位置: B1-210
INFO 2025-05-28 17:29:04,804 views 导航SVG内容生成成功
INFO 2025-05-28 17:29:04,806 basehttp "GET /navigate/?position=B1-210&start=b1-002 HTTP/1.1" 200 150337
INFO 2025-05-28 17:29:15,021 views 收到导航请求，起点: B1-02电梯厅, 目标位置: B1-210
INFO 2025-05-28 17:29:17,701 views 导航SVG内容生成成功
INFO 2025-05-28 17:29:17,702 basehttp "GET /navigate/?position=B1-210&start=B1-02%E7%94%B5%E6%A2%AF%E5%8E%85 HTTP/1.1" 200 151589
